From github.com:zchaffee1/task-sync
 * branch            main       -> FETCH_HEAD
Already up to date.
[main c170a04] task done: 10
 3 files changed, 25 insertions(+), 23 deletions(-)
 create mode 100644 git_operations.log
To github.com:zchaffee1/task-sync.git
   7b48481..c170a04  main -> main
[main 4ee637f] task done: 11
 2 files changed, 5 insertions(+)
To github.com:zchaffee1/task-sync.git
   c170a04..4ee637f  main -> main
From github.com:zchaffee1/task-sync
 * branch            main       -> FETCH_HEAD
Already up to date.
From github.com:zchaffee1/task-sync
 * branch            main       -> FETCH_HEAD
Already up to date.
From github.com:zchaffee1/task-sync
 * branch            main       -> FETCH_HEAD
Already up to date.
From github.com:zchaffee1/task-sync
 * branch            main       -> FETCH_HEAD
Already up to date.
From github.com:zchaffee1/task-sync
 * branch            main       -> FETCH_HEAD
Already up to date.
From github.com:zchaffee1/task-sync
 * branch            main       -> FETCH_HEAD
Already up to date.
